<?xml version="1.0" encoding="UTF-8"?>
<!-- Generated by org.testng.reporters.JUnitReportReporter -->
<testsuite hostname="pcubillos" name="test.TestRutaService" tests="3" failures="0" timestamp="23 Sep 2019 03:32:25 GMT" time="0.028" errors="0">
  <testcase name="testFechaHora" time="0.004" classname="test.TestRutaService"/>
  <testcase name="testNotNull" time="0.004" classname="test.TestRutaService"/>
  <testcase name="testFechaDia" time="0.020" classname="test.TestRutaService"/>
</testsuite> <!-- test.TestRutaService -->
