<?xml version="1.0" encoding="UTF-8"?>
<!-- Generated by org.testng.reporters.JUnitReportReporter -->
<testsuite skipped="0" hostname="pcubillos" name="ci.workshop.test.testUnit.TestBusService" tests="3" failures="0" timestamp="25 sep 2019 03:19:43 GMT" time="0.009" errors="0">
  <testcase name="testPuntoATipo" time="0.005" classname="ci.workshop.test.testUnit.TestBusService"/>
  <testcase name="testPuntoANotNull" time="0.003" classname="ci.workshop.test.testUnit.TestBusService"/>
  <testcase name="testPuntoACapacidad" time="0.001" classname="ci.workshop.test.testUnit.TestBusService"/>
</testsuite> <!-- ci.workshop.test.testUnit.TestBusService -->
