<?xml version="1.0" encoding="UTF-8"?>
<!-- Generated by org.testng.reporters.JUnitReportReporter -->
<testsuite hostname="pcubillos" name="test.TestBusService" tests="3" failures="0" timestamp="23 Sep 2019 01:25:33 GMT" time="0.020" errors="0">
  <testcase name="testPuntoATipo" time="0.003" classname="test.TestBusService"/>
  <testcase name="testPuntoANotNull" time="0.004" classname="test.TestBusService"/>
  <testcase name="testPuntoACapacidad" time="0.013" classname="test.TestBusService"/>
</testsuite> <!-- test.TestBusService -->
