<?xml version="1.0" encoding="UTF-8"?>
<!-- Generated by org.testng.reporters.JUnitReportReporter -->
<testsuite skipped="0" hostname="pcubillos" name="ci.workshop.test.testIntegration.TestIntegrationServicioServicePuntoD" tests="1" failures="0" timestamp="25 sep 2019 03:19:43 GMT" time="0.004" errors="0">
  <testcase name="testPuntoD" time="0.004" classname="ci.workshop.test.testIntegration.TestIntegrationServicioServicePuntoD"/>
</testsuite> <!-- ci.workshop.test.testIntegration.TestIntegrationServicioServicePuntoD -->
