<?xml version="1.0" encoding="UTF-8"?>
<!-- Generated by org.testng.reporters.JUnitReportReporter -->
<testsuite skipped="0" hostname="pcubillos" name="ci.workshop.test.testUnit.TestRutaService" tests="3" failures="0" timestamp="25 sep 2019 03:19:43 GMT" time="0.015" errors="0">
  <testcase name="testNotNull" time="0.008" classname="ci.workshop.test.testUnit.TestRutaService"/>
  <testcase name="testFechaDia" time="0.004" classname="ci.workshop.test.testUnit.TestRutaService"/>
  <testcase name="testFechaHora" time="0.003" classname="ci.workshop.test.testUnit.TestRutaService"/>
</testsuite> <!-- ci.workshop.test.testUnit.TestRutaService -->
