<?xml version="1.0" encoding="UTF-8"?>
<!-- Generated by org.testng.reporters.JUnitReportReporter -->
<testsuite skipped="0" hostname="pcubillos" name="ci.workshop.test.testUnit.TestServicioServicePuntoE" tests="1" failures="0" timestamp="25 sep 2019 03:19:43 GMT" time="0.015" errors="0">
  <testcase name="testPuntoE" time="0.015" classname="ci.workshop.test.testUnit.TestServicioServicePuntoE"/>
</testsuite> <!-- ci.workshop.test.testUnit.TestServicioServicePuntoE -->
