<?xml version="1.0" encoding="UTF-8"?>
<!-- Generated by org.testng.reporters.JUnitReportReporter -->
<testsuite skipped="0" hostname="pcubillos" name="ci.workshop.test.testDelegate.TestServicioDelegate" tests="3" failures="0" timestamp="04 dic 2019 06:59:20 GMT" time="0.067" errors="0">
  <testcase name="testSaveService" time="0.003" classname="ci.workshop.test.testDelegate.TestServicioDelegate"/>
  <testcase name="testServiceFindAll" time="0.005" classname="ci.workshop.test.testDelegate.TestServicioDelegate"/>
  <testcase name="testFindByHash" time="0.059" classname="ci.workshop.test.testDelegate.TestServicioDelegate"/>
</testsuite> <!-- ci.workshop.test.testDelegate.TestServicioDelegate -->
