<?xml version="1.0" encoding="UTF-8"?>
<!-- Generated by org.testng.reporters.JUnitReportReporter -->
<testsuite hostname="pcubillos" name="ci.workshop.test.test.TestServicioServicePuntoD" tests="1" failures="0" timestamp="23 Sep 2019 20:06:01 GMT" time="0.031" errors="0">
  <testcase name="testPuntoD" time="0.031" classname="ci.workshop.test.test.TestServicioServicePuntoD"/>
</testsuite> <!-- ci.workshop.test.test.TestServicioServicePuntoD -->
