<?xml version="1.0" encoding="UTF-8"?>
<!-- Generated by org.testng.reporters.JUnitReportReporter -->
<testsuite hostname="pcubillos" name="test.TestConductorService" tests="2" failures="0" timestamp="23 Sep 2019 02:43:34 GMT" time="0.038" errors="0">
  <testcase name="testNotNull" time="0.004" classname="test.TestConductorService"/>
  <testcase name="testDate" time="0.034" classname="test.TestConductorService"/>
</testsuite> <!-- test.TestConductorService -->
