<?xml version="1.0" encoding="UTF-8"?>
<!-- Generated by org.testng.reporters.JUnitReportReporter -->
<testsuite hostname="pcubillos" name="ci.workshop.test.test.TestBusClasses" tests="3" failures="0" timestamp="22 Sep 2019 00:17:21 GMT" time="0.020" errors="0">
  <testcase name="testPuntoATipo" time="0.000" classname="ci.workshop.test.test.TestBusClasses"/>
  <testcase name="testPuntoANotNull" time="0.004" classname="ci.workshop.test.test.TestBusClasses"/>
  <testcase name="testPuntoACapacidad" time="0.016" classname="ci.workshop.test.test.TestBusClasses"/>
</testsuite> <!-- ci.workshop.test.test.TestBusClasses -->
