<?xml version="1.0" encoding="UTF-8"?>
<!-- Generated by org.testng.reporters.JUnitReportReporter -->
<testsuite hostname="pcubillos" name="ci.workshop.test.test.TestServicioServicePuntoE" tests="1" failures="0" timestamp="23 Sep 2019 20:23:49 GMT" time="0.016" errors="0">
  <testcase name="testPuntoE" time="0.016" classname="ci.workshop.test.test.TestServicioServicePuntoE"/>
</testsuite> <!-- ci.workshop.test.test.TestServicioServicePuntoE -->
