<?xml version="1.0" encoding="UTF-8"?>
<!-- Generated by org.testng.reporters.JUnitReportReporter -->
<testsuite skipped="0" hostname="pcubillos" name="ci.workshop.test.testDelegate.TestSitioDelegate" tests="4" failures="0" timestamp="02 dic 2019 07:50:48 GMT" time="1.114" errors="0">
  <testcase name="testSitioFindAll" time="0.003" classname="ci.workshop.test.testDelegate.TestSitioDelegate"/>
  <testcase name="testFindById" time="0.062" classname="ci.workshop.test.testDelegate.TestSitioDelegate"/>
  <testcase name="testSitioSave" time="0.003" classname="ci.workshop.test.testDelegate.TestSitioDelegate"/>
  <testcase name="testUpdate" time="1.046" classname="ci.workshop.test.testDelegate.TestSitioDelegate"/>
</testsuite> <!-- ci.workshop.test.testDelegate.TestSitioDelegate -->
