<?xml version="1.0" encoding="UTF-8"?>
<!-- Generated by org.testng.reporters.JUnitReportReporter -->
<testsuite skipped="0" hostname="pcubillos" name="ci.workshop.test.testDelegate.TestRutaDelegate" tests="4" failures="0" timestamp="04 dic 2019 06:59:06 GMT" time="0.221" errors="0">
  <testcase name="testFindById" time="0.009" classname="ci.workshop.test.testDelegate.TestRutaDelegate"/>
  <testcase name="testRouteFindAll" time="0.010" classname="ci.workshop.test.testDelegate.TestRutaDelegate"/>
  <testcase name="testBusSave" time="0.196" classname="ci.workshop.test.testDelegate.TestRutaDelegate"/>
  <testcase name="testRutaFindAllStates" time="0.006" classname="ci.workshop.test.testDelegate.TestRutaDelegate"/>
</testsuite> <!-- ci.workshop.test.testDelegate.TestRutaDelegate -->
