<?xml version="1.0" encoding="UTF-8"?>
<!-- Generated by org.testng.reporters.JUnitReportReporter -->
<testsuite skipped="0" hostname="pcubillos" name="ci.workshop.test.testDelegate.TestBusDelegate" tests="4" failures="0" timestamp="04 dic 2019 06:57:43 GMT" time="0.068" errors="0">
  <testcase name="testBusFindAll" time="0.058" classname="ci.workshop.test.testDelegate.TestBusDelegate"/>
  <testcase name="testBusSave" time="0.004" classname="ci.workshop.test.testDelegate.TestBusDelegate"/>
  <testcase name="testFindById" time="0.003" classname="ci.workshop.test.testDelegate.TestBusDelegate"/>
  <testcase name="testBusFindAllTypes" time="0.003" classname="ci.workshop.test.testDelegate.TestBusDelegate"/>
</testsuite> <!-- ci.workshop.test.testDelegate.TestBusDelegate -->
