<?xml version="1.0" encoding="UTF-8"?>
<!-- Generated by org.testng.reporters.JUnitReportReporter -->
<testsuite skipped="0" hostname="pcubillos" name="ci.workshop.test.testDelegate.TestSitioRutaDelegate" tests="1" failures="0" timestamp="04 dic 2019 07:51:32 GMT" time="0.056" errors="0">
  <testcase name="testSitioRutaSave" time="0.056" classname="ci.workshop.test.testDelegate.TestSitioRutaDelegate"/>
</testsuite> <!-- ci.workshop.test.testDelegate.TestSitioRutaDelegate -->
