<?xml version="1.0" encoding="UTF-8"?>
<!-- Generated by org.testng.reporters.JUnitReportReporter -->
<testsuite skipped="0" hostname="pcubillos" name="ci.workshop.test.testDelegate.TestConductoresDelegate" tests="3" failures="0" timestamp="02 dic 2019 07:15:30 GMT" time="0.081" errors="0">
  <testcase name="testBusSave" time="0.005" classname="ci.workshop.test.testDelegate.TestConductoresDelegate"/>
  <testcase name="testFindById" time="0.007" classname="ci.workshop.test.testDelegate.TestConductoresDelegate"/>
  <testcase name="testBusFindAll" time="0.069" classname="ci.workshop.test.testDelegate.TestConductoresDelegate"/>
</testsuite> <!-- ci.workshop.test.testDelegate.TestConductoresDelegate -->
