<?xml version="1.0" encoding="UTF-8"?>
<!-- Generated by org.testng.reporters.JUnitReportReporter -->
<testsuite skipped="0" hostname="pcubillos" name="ci.workshop.test.testIntegration.TestIntegrationRutaService" tests="3" failures="0" timestamp="25 sep 2019 03:19:43 GMT" time="0.033" errors="0">
  <testcase name="testFechaHora" time="0.008" classname="ci.workshop.test.testIntegration.TestIntegrationRutaService"/>
  <testcase name="testNotNull" time="0.009" classname="ci.workshop.test.testIntegration.TestIntegrationRutaService"/>
  <testcase name="testFechaDia" time="0.016" classname="ci.workshop.test.testIntegration.TestIntegrationRutaService"/>
</testsuite> <!-- ci.workshop.test.testIntegration.TestIntegrationRutaService -->
