<?xml version="1.0" encoding="UTF-8"?>
<!-- Generated by org.testng.reporters.JUnitReportReporter -->
<testsuite skipped="0" hostname="pcubillos" name="ci.workshop.test.testDelegate.TestRutaDelegate" tests="4" failures="0" timestamp="02 dic 2019 07:30:30 GMT" time="0.115" errors="0">
  <testcase name="testRouteFindAll" time="0.003" classname="ci.workshop.test.testDelegate.TestRutaDelegate"/>
  <testcase name="testBusSave" time="0.101" classname="ci.workshop.test.testDelegate.TestRutaDelegate"/>
  <testcase name="testFindById" time="0.008" classname="ci.workshop.test.testDelegate.TestRutaDelegate"/>
  <testcase name="testRutaFindAllStates" time="0.003" classname="ci.workshop.test.testDelegate.TestRutaDelegate"/>
</testsuite> <!-- ci.workshop.test.testDelegate.TestRutaDelegate -->
