<?xml version="1.0" encoding="UTF-8"?>
<!-- Generated by org.testng.reporters.JUnitReportReporter -->
<testsuite skipped="0" hostname="pcubillos" name="ci.workshop.test.testDelegate.TestBusDelegate" tests="4" failures="0" timestamp="02 dic 2019 07:12:11 GMT" time="0.193" errors="0">
  <testcase name="testFindById" time="0.018" classname="ci.workshop.test.testDelegate.TestBusDelegate"/>
  <testcase name="testBusFindAllTypes" time="0.003" classname="ci.workshop.test.testDelegate.TestBusDelegate"/>
  <testcase name="testBusFindAll" time="0.163" classname="ci.workshop.test.testDelegate.TestBusDelegate"/>
  <testcase name="testBusSave" time="0.009" classname="ci.workshop.test.testDelegate.TestBusDelegate"/>
</testsuite> <!-- ci.workshop.test.testDelegate.TestBusDelegate -->
