<?xml version="1.0" encoding="UTF-8"?>
<!-- Generated by org.testng.reporters.JUnitReportReporter -->
<testsuite skipped="0" hostname="pcubillos" name="ci.workshop.test.testIntegration.TestIntegrationBusService" tests="3" failures="0" timestamp="25 sep 2019 03:19:43 GMT" time="0.007" errors="0">
  <testcase name="testPuntoATipo" time="0.001" classname="ci.workshop.test.testIntegration.TestIntegrationBusService"/>
  <testcase name="testPuntoANotNull" time="0.002" classname="ci.workshop.test.testIntegration.TestIntegrationBusService"/>
  <testcase name="testPuntoACapacidad" time="0.004" classname="ci.workshop.test.testIntegration.TestIntegrationBusService"/>
</testsuite> <!-- ci.workshop.test.testIntegration.TestIntegrationBusService -->
