<?xml version="1.0" encoding="UTF-8"?>
<!-- Generated by org.testng.reporters.JUnitReportReporter -->
<testsuite skipped="0" hostname="pcubillos" name="ci.workshop.test.testDelegate.TestConductoresDelegate" tests="3" failures="0" timestamp="04 dic 2019 06:58:38 GMT" time="0.062" errors="0">
  <testcase name="testDriversFindAll" time="0.007" classname="ci.workshop.test.testDelegate.TestConductoresDelegate"/>
  <testcase name="testDriverSave" time="0.052" classname="ci.workshop.test.testDelegate.TestConductoresDelegate"/>
  <testcase name="testFindById" time="0.003" classname="ci.workshop.test.testDelegate.TestConductoresDelegate"/>
</testsuite> <!-- ci.workshop.test.testDelegate.TestConductoresDelegate -->
