<?xml version="1.0" encoding="UTF-8"?>
<!-- Generated by org.testng.reporters.JUnitReportReporter -->
<testsuite skipped="0" hostname="pcubillos" name="ci.workshop.test.testDelegate.TestSitioDelegate" tests="4" failures="0" timestamp="04 dic 2019 06:59:34 GMT" time="1.362" errors="0">
  <testcase name="testSitioFindAll" time="0.004" classname="ci.workshop.test.testDelegate.TestSitioDelegate"/>
  <testcase name="testFindById" time="0.061" classname="ci.workshop.test.testDelegate.TestSitioDelegate"/>
  <testcase name="testUpdate" time="1.294" classname="ci.workshop.test.testDelegate.TestSitioDelegate"/>
  <testcase name="testSitioSave" time="0.003" classname="ci.workshop.test.testDelegate.TestSitioDelegate"/>
</testsuite> <!-- ci.workshop.test.testDelegate.TestSitioDelegate -->
