<?xml version="1.0" encoding="UTF-8"?>
<!-- Generated by org.testng.reporters.JUnitReportReporter -->
<testsuite skipped="0" hostname="pcubillos" name="ci.workshop.test.testIntegration.TestIntegrationConductorService" tests="2" failures="0" timestamp="25 sep 2019 03:19:43 GMT" time="0.013" errors="0">
  <testcase name="testDate" time="0.007" classname="ci.workshop.test.testIntegration.TestIntegrationConductorService"/>
  <testcase name="testNotNull" time="0.006" classname="ci.workshop.test.testIntegration.TestIntegrationConductorService"/>
</testsuite> <!-- ci.workshop.test.testIntegration.TestIntegrationConductorService -->
