<?xml version="1.0" encoding="UTF-8"?>
<!-- Generated by org.testng.reporters.JUnitReportReporter -->
<testsuite skipped="0" hostname="pcubillos" name="ci.workshop.test.testUnit.TestConductorService" tests="2" failures="0" timestamp="25 sep 2019 03:19:43 GMT" time="0.003" errors="0">
  <testcase name="testNotNull" time="0.002" classname="ci.workshop.test.testUnit.TestConductorService"/>
  <testcase name="testDate" time="0.001" classname="ci.workshop.test.testUnit.TestConductorService"/>
</testsuite> <!-- ci.workshop.test.testUnit.TestConductorService -->
